Traceback (most recent call last):
  File "H:\HadiSadoghiYazdi\Circuit\Lib\site-packages\jupyter_cache\executors\utils.py", line 58, in single_nb_execution
    executenb(
    ~~~~~~~~~^
        nb,
        ^^^
    ...<4 lines>...
        **kwargs,
        ^^^^^^^^^
    )
    ^
  File "H:\HadiSadoghiYazdi\Circuit\Lib\site-packages\nbclient\client.py", line 1314, in execute
    return NotebookClient(nb=nb, resources=resources, km=km, **kwargs).execute()
           ~~~~~~~~~~~~~~~~~~~~~~~~~~~~~~~~~~~~~~~~~~~~~~~~~~~~~~~~~~~~~~~~~~~^^
  File "H:\HadiSadoghiYazdi\Circuit\Lib\site-packages\jupyter_core\utils\__init__.py", line 165, in wrapped
    return loop.run_until_complete(inner)
           ~~~~~~~~~~~~~~~~~~~~~~~^^^^^^^
  File "C:\Program Files\Python313\Lib\asyncio\base_events.py", line 721, in run_until_complete
    return future.result()
           ~~~~~~~~~~~~~^^
  File "H:\HadiSadoghiYazdi\Circuit\Lib\site-packages\nbclient\client.py", line 709, in async_execute
    await self.async_execute_cell(
        cell, index, execution_count=self.code_cells_executed + 1
    )
  File "H:\HadiSadoghiYazdi\Circuit\Lib\site-packages\nbclient\client.py", line 1062, in async_execute_cell
    await self._check_raise_for_error(cell, cell_index, exec_reply)
  File "H:\HadiSadoghiYazdi\Circuit\Lib\site-packages\nbclient\client.py", line 918, in _check_raise_for_error
    raise CellExecutionError.from_cell_and_msg(cell, exec_reply_content)
nbclient.exceptions.CellExecutionError: An error occurred while executing the following cell:
------------------
import numpy as np
import matplotlib.pyplot as plt

import PySpice.Logging.Logging as Logging
logger = Logging.setup_logging()
from PySpice.Spice.Netlist import Circuit
from PySpice.Unit import *




circuit = Circuit('IV_2n2222')

circuit.BJT('1', 'collector', 'base', circuit.gnd, model='2n2222a')

# .MODEL 2n2222a npn
circuit.model('2n2222a', 'BJT', IS=3.88184e-14, BF=929.846, NF=1.10496, VAF=16.5003,
IKF=0.019539, ISE=1.0168e-11, NE=1.94752, BR=48.4545,
NR=1.07004, VAR=40.538, IKR=0.19539, ISC=1.0168e-11,
NC=4, RB=0.1, IRB=0.1, RBM=0.1,
RE=0.0001, RC=0.426673, XTB=0.1, XTI=1,
EG=1.05, CJE=2.23677e-11, VJE=0.582701, MJE=0.63466,
TF=4.06711e-10, XTF=3.92912, VTF=17712.6, ITF=0.4334,
CJC=2.23943e-11, VJC=0.576146, MJC=0.632796, XCJC=1,
FC=0.170253, CJS=0, VJS=0.75, MJS=0.5,
TR=1e-07, PTF=0, KF=0, AF=1
                   )

# Define sweep parameters
VAF=16.5003
Vinput_start = 0.0
Vinput_stop = VAF*0.004
Vinput_step = 0.0001

Vbase=circuit.V('input', '1', circuit.gnd, 0.45)
circuit.V('measin', '1', 'base', 0)
circuit.V('output', '3', circuit.gnd, 5)
circuit.V('measout', '3', 'collector', 0)

# Base voltage values to iterate through
# Generate base voltages with exponential steps for the first part and linear steps for the second part
# exp_start = 0.01
# exp_stop = 0.41
lin_start = 0.01
lin_stop = 0.45

# Number of steps
#exp_steps = 20
lin_steps = 10

# Exponential part
#exp_base_voltages = np.geomspace(exp_start, exp_stop, num=exp_steps)

# Linear part
lin_base_voltages = np.linspace(lin_start, lin_stop, num=lin_steps)

# Combine both parts
#base_voltages = np.concatenate((exp_base_voltages, lin_base_voltages))
base_voltages = lin_base_voltages


#base_voltages = np.linspace(0.1, 0.5, num=20)  # Adjust 'num' as needed

# Store results for plotting
collector_voltages = []
collector_currents = []
labels = []

# Loop through base voltage values
for Vbase_value in base_voltages:
    Vbase.dc_value = Vbase_value
    simulator = circuit.simulator(temperature=25, nominal_temperature=25)
    analysis = simulator.dc(Voutput=slice(Vinput_start, Vinput_stop, Vinput_step))
    waveform = analysis['collector']
    InputCurrentMeasurement = analysis['vmeasout']
    
    # Store results
    collector_voltages.append(np.array(waveform))
    collector_currents.append(InputCurrentMeasurement * 1000)  # Convert to mA
    labels.append(f'{Vbase_value:.2f}')  # Format to two decimal places for clarity


# Plot the results
plt.xscale('symlog', linthresh=1)
plt.yscale('symlog', linthresh=1)
for i in range(len(base_voltages)):
    plt.plot(collector_voltages[i], collector_currents[i], label=labels[i])
    # Annotate each curve with its label
    midpoint_index = len(collector_voltages[i]) // 2
    plt.annotate(labels[i], xy=(collector_voltages[i][midpoint_index], collector_currents[i][midpoint_index]), 
                 xytext=(5, 5), textcoords='offset points', fontsize=9, color='black')

plt.xlabel('Vcollector (V)')
plt.ylabel('Collector current (mA)')
plt.title('DC Sweep Analysis for Output-Characteristics of NPN Transistor')
plt.grid(True)
#plt.legend()
plt.show()

------------------


[1;31m---------------------------------------------------------------------------[0m
[1;31mOSError[0m                                   Traceback (most recent call last)
Cell [1;32mIn[1], line 72[0m
[0;32m     70[0m [38;5;28;01mfor[39;00m Vbase_value [38;5;129;01min[39;00m base_voltages:
[0;32m     71[0m     Vbase[38;5;241m.[39mdc_value [38;5;241m=[39m Vbase_value
[1;32m---> 72[0m     simulator [38;5;241m=[39m [43mcircuit[49m[38;5;241;43m.[39;49m[43msimulator[49m[43m([49m[43mtemperature[49m[38;5;241;43m=[39;49m[38;5;241;43m25[39;49m[43m,[49m[43m [49m[43mnominal_temperature[49m[38;5;241;43m=[39;49m[38;5;241;43m25[39;49m[43m)[49m
[0;32m     73[0m     analysis [38;5;241m=[39m simulator[38;5;241m.[39mdc(Voutput[38;5;241m=[39m[38;5;28mslice[39m(Vinput_start, Vinput_stop, Vinput_step))
[0;32m     74[0m     waveform [38;5;241m=[39m analysis[[38;5;124m'[39m[38;5;124mcollector[39m[38;5;124m'[39m]

File [1;32mH:\HadiSadoghiYazdi\Circuit\Lib\site-packages\PySpice\Spice\Netlist.py:1292[0m, in [0;36mCircuit.simulator[1;34m(self, *args, **kwargs)[0m
[0;32m   1291[0m [38;5;28;01mdef[39;00m [38;5;21msimulator[39m([38;5;28mself[39m, [38;5;241m*[39margs, [38;5;241m*[39m[38;5;241m*[39mkwargs):
[1;32m-> 1292[0m     [38;5;28;01mreturn[39;00m [43mCircuitSimulator[49m[38;5;241;43m.[39;49m[43mfactory[49m[43m([49m[38;5;28;43mself[39;49m[43m,[49m[43m [49m[38;5;241;43m*[39;49m[43margs[49m[43m,[49m[43m [49m[38;5;241;43m*[39;49m[38;5;241;43m*[39;49m[43mkwargs[49m[43m)[49m

File [1;32mH:\HadiSadoghiYazdi\Circuit\Lib\site-packages\PySpice\Spice\Simulation.py:1167[0m, in [0;36mCircuitSimulator.factory[1;34m(cls, circuit, *args, **kwargs)[0m
[0;32m   1164[0m         kwargs[[38;5;124m'[39m[38;5;124mparallel[39m[38;5;124m'[39m] [38;5;241m=[39m [38;5;28;01mTrue[39;00m
[0;32m   1166[0m [38;5;28;01mif[39;00m sub_cls [38;5;129;01mis[39;00m [38;5;129;01mnot[39;00m [38;5;28;01mNone[39;00m:
[1;32m-> 1167[0m     [38;5;28;01mreturn[39;00m [43msub_cls[49m[43m([49m[43mcircuit[49m[43m,[49m[43m [49m[38;5;241;43m*[39;49m[43margs[49m[43m,[49m[43m [49m[38;5;241;43m*[39;49m[38;5;241;43m*[39;49m[43mkwargs[49m[43m)[49m
[0;32m   1168[0m [38;5;28;01melse[39;00m:
[0;32m   1169[0m     [38;5;28;01mraise[39;00m [38;5;167;01mValueError[39;00m([38;5;124m'[39m[38;5;124mUnknown simulator type[39m[38;5;124m'[39m)

File [1;32mH:\HadiSadoghiYazdi\Circuit\Lib\site-packages\PySpice\Spice\NgSpice\Simulation.py:99[0m, in [0;36mNgSpiceSharedCircuitSimulator.__init__[1;34m(self, circuit, **kwargs)[0m
[0;32m     97[0m ngspice_shared [38;5;241m=[39m kwargs[38;5;241m.[39mget([38;5;124m'[39m[38;5;124mngspice_shared[39m[38;5;124m'[39m, [38;5;28;01mNone[39;00m)
[0;32m     98[0m [38;5;28;01mif[39;00m ngspice_shared [38;5;129;01mis[39;00m [38;5;28;01mNone[39;00m:
[1;32m---> 99[0m     [38;5;28mself[39m[38;5;241m.[39m_ngspice_shared [38;5;241m=[39m [43mNgSpiceShared[49m[38;5;241;43m.[39;49m[43mnew_instance[49m[43m([49m[43m)[49m
[0;32m    100[0m [38;5;28;01melse[39;00m:
[0;32m    101[0m     [38;5;28mself[39m[38;5;241m.[39m_ngspice_shared [38;5;241m=[39m ngspice_shared

File [1;32mH:\HadiSadoghiYazdi\Circuit\Lib\site-packages\PySpice\Spice\NgSpice\Shared.py:449[0m, in [0;36mNgSpiceShared.new_instance[1;34m(cls, ngspice_id, send_data, verbose)[0m
[0;32m    447[0m [38;5;28;01melse[39;00m:
[0;32m    448[0m     [38;5;28mcls[39m[38;5;241m.[39m_logger[38;5;241m.[39mdebug([38;5;124m"[39m[38;5;124mNew instance for id [39m[38;5;132;01m{}[39;00m[38;5;124m"[39m[38;5;241m.[39mformat(ngspice_id))
[1;32m--> 449[0m     instance [38;5;241m=[39m [38;5;28;43mcls[39;49m[43m([49m[43mngspice_id[49m[38;5;241;43m=[39;49m[43mngspice_id[49m[43m,[49m[43m [49m[43msend_data[49m[38;5;241;43m=[39;49m[43msend_data[49m[43m,[49m[43m [49m[43mverbose[49m[38;5;241;43m=[39;49m[43mverbose[49m[43m)[49m
[0;32m    450[0m     [38;5;28mcls[39m[38;5;241m.[39m_instances[ngspice_id] [38;5;241m=[39m instance
[0;32m    451[0m     [38;5;28;01mreturn[39;00m instance

File [1;32mH:\HadiSadoghiYazdi\Circuit\Lib\site-packages\PySpice\Spice\NgSpice\Shared.py:479[0m, in [0;36mNgSpiceShared.__init__[1;34m(self, ngspice_id, send_data, verbose)[0m
[0;32m    476[0m [38;5;28mself[39m[38;5;241m.[39m_extensions [38;5;241m=[39m []
[0;32m    478[0m [38;5;28mself[39m[38;5;241m.[39m_library_path [38;5;241m=[39m [38;5;28;01mNone[39;00m
[1;32m--> 479[0m [38;5;28;43mself[39;49m[38;5;241;43m.[39;49m[43m_load_library[49m[43m([49m[43mverbose[49m[43m)[49m
[0;32m    480[0m [38;5;28mself[39m[38;5;241m.[39m_init_ngspice(send_data)
[0;32m    482[0m [38;5;28mself[39m[38;5;241m.[39m_is_running [38;5;241m=[39m [38;5;28;01mFalse[39;00m

File [1;32mH:\HadiSadoghiYazdi\Circuit\Lib\site-packages\PySpice\Spice\NgSpice\Shared.py:539[0m, in [0;36mNgSpiceShared._load_library[1;34m(self, verbose)[0m
[0;32m    537[0m [38;5;28;01mif[39;00m verbose:
[0;32m    538[0m     [38;5;28mprint[39m(message)
[1;32m--> 539[0m [38;5;28mself[39m[38;5;241m.[39m_ngspice_shared [38;5;241m=[39m [43mffi[49m[38;5;241;43m.[39;49m[43mdlopen[49m[43m([49m[38;5;28;43mself[39;49m[38;5;241;43m.[39;49m[43mlibrary_path[49m[43m)[49m

File [1;32mH:\HadiSadoghiYazdi\Circuit\Lib\site-packages\cffi\api.py:150[0m, in [0;36mFFI.dlopen[1;34m(self, name, flags)[0m
[0;32m    147[0m     [38;5;28;01mraise[39;00m [38;5;167;01mTypeError[39;00m([38;5;124m"[39m[38;5;124mdlopen(name): name must be a file name, None, [39m[38;5;124m"[39m
[0;32m    148[0m                     [38;5;124m"[39m[38;5;124mor an already-opened [39m[38;5;124m'[39m[38;5;124mvoid *[39m[38;5;124m'[39m[38;5;124m handle[39m[38;5;124m"[39m)
[0;32m    149[0m [38;5;28;01mwith[39;00m [38;5;28mself[39m[38;5;241m.[39m_lock:
[1;32m--> 150[0m     lib, function_cache [38;5;241m=[39m [43m_make_ffi_library[49m[43m([49m[38;5;28;43mself[39;49m[43m,[49m[43m [49m[43mname[49m[43m,[49m[43m [49m[43mflags[49m[43m)[49m
[0;32m    151[0m     [38;5;28mself[39m[38;5;241m.[39m_function_caches[38;5;241m.[39mappend(function_cache)
[0;32m    152[0m     [38;5;28mself[39m[38;5;241m.[39m_libraries[38;5;241m.[39mappend(lib)

File [1;32mH:\HadiSadoghiYazdi\Circuit\Lib\site-packages\cffi\api.py:834[0m, in [0;36m_make_ffi_library[1;34m(ffi, libname, flags)[0m
[0;32m    832[0m [38;5;28;01mdef[39;00m [38;5;21m_make_ffi_library[39m(ffi, libname, flags):
[0;32m    833[0m     backend [38;5;241m=[39m ffi[38;5;241m.[39m_backend
[1;32m--> 834[0m     backendlib [38;5;241m=[39m [43m_load_backend_lib[49m[43m([49m[43mbackend[49m[43m,[49m[43m [49m[43mlibname[49m[43m,[49m[43m [49m[43mflags[49m[43m)[49m
[0;32m    835[0m     [38;5;66;03m#[39;00m
[0;32m    836[0m     [38;5;28;01mdef[39;00m [38;5;21maccessor_function[39m(name):

File [1;32mH:\HadiSadoghiYazdi\Circuit\Lib\site-packages\cffi\api.py:829[0m, in [0;36m_load_backend_lib[1;34m(backend, name, flags)[0m
[0;32m    827[0m     [38;5;28;01mif[39;00m first_error [38;5;129;01mis[39;00m [38;5;129;01mnot[39;00m [38;5;28;01mNone[39;00m:
[0;32m    828[0m         msg [38;5;241m=[39m [38;5;124m"[39m[38;5;132;01m%s[39;00m[38;5;124m.  Additionally, [39m[38;5;132;01m%s[39;00m[38;5;124m"[39m [38;5;241m%[39m (first_error, msg)
[1;32m--> 829[0m     [38;5;28;01mraise[39;00m [38;5;167;01mOSError[39;00m(msg)
[0;32m    830[0m [38;5;28;01mreturn[39;00m backend[38;5;241m.[39mload_library(path, flags)

[1;31mOSError[0m: cannot load library 'H:\HadiSadoghiYazdi\Circuit\Lib\site-packages\PySpice\Spice\NgSpice\Spice64_dll\dll-vs\ngspice.dll': error 0x7e.  Additionally, ctypes.util.find_library() did not manage to locate a library called 'H:\\HadiSadoghiYazdi\\Circuit\\Lib\\site-packages\\PySpice\\Spice\\NgSpice\\Spice64_dll\\dll-vs\\ngspice.dll'

