Traceback (most recent call last):
  File "H:\HadiSadoghiYazdi\Circuit\Lib\site-packages\jupyter_cache\executors\utils.py", line 58, in single_nb_execution
    executenb(
    ~~~~~~~~~^
        nb,
        ^^^
    ...<4 lines>...
        **kwargs,
        ^^^^^^^^^
    )
    ^
  File "H:\HadiSadoghiYazdi\Circuit\Lib\site-packages\nbclient\client.py", line 1314, in execute
    return NotebookClient(nb=nb, resources=resources, km=km, **kwargs).execute()
           ~~~~~~~~~~~~~~~~~~~~~~~~~~~~~~~~~~~~~~~~~~~~~~~~~~~~~~~~~~~~~~~~~~~^^
  File "H:\HadiSadoghiYazdi\Circuit\Lib\site-packages\jupyter_core\utils\__init__.py", line 165, in wrapped
    return loop.run_until_complete(inner)
           ~~~~~~~~~~~~~~~~~~~~~~~^^^^^^^
  File "C:\Program Files\Python313\Lib\asyncio\base_events.py", line 721, in run_until_complete
    return future.result()
           ~~~~~~~~~~~~~^^
  File "H:\HadiSadoghiYazdi\Circuit\Lib\site-packages\nbclient\client.py", line 709, in async_execute
    await self.async_execute_cell(
        cell, index, execution_count=self.code_cells_executed + 1
    )
  File "H:\HadiSadoghiYazdi\Circuit\Lib\site-packages\nbclient\client.py", line 1062, in async_execute_cell
    await self._check_raise_for_error(cell, cell_index, exec_reply)
  File "H:\HadiSadoghiYazdi\Circuit\Lib\site-packages\nbclient\client.py", line 918, in _check_raise_for_error
    raise CellExecutionError.from_cell_and_msg(cell, exec_reply_content)
nbclient.exceptions.CellExecutionError: An error occurred while executing the following cell:
------------------
import matplotlib.pyplot as plt
from PySpice.Probe.Plot import plot
from PySpice.Spice.Netlist import Circuit
from PySpice.Unit import *

# Define the circuit
circuit = Circuit('Diode Recovery Time Simulation')

# Add a pulse voltage source (simulates forward and reverse switching)
circuit.V(1, 'input', circuit.gnd, 'pulse(0 5 0 1n 1n 50n 100n)')

# Add a series resistor to limit the current
circuit.R(1, 'input', 'n1', 1 @ u_Ohm)

# Add a diode in the circuit from node 'n1' to ground
circuit.D(1, 'n1', circuit.gnd, model='D')

# Define a diode model with standard parameters (generic diode model)
circuit.model('D', 'D', IS=1e-14, N=1, TT=5e-9)

# Create a simulator object for transient analysis
simulator = circuit.simulator(temperature=25, nominal_temperature=25)

# Perform a transient simulation without importing Transient directly
analysis = simulator.transient(step_time=1 @ u_ns, end_time=200 @ u_ns)

# Plot the results
fig, ax = plt.subplots(figsize=(10, 6))

# Plot the voltage across the diode (node 'n1')
ax.plot(analysis.time, analysis['n1'], label='Voltage across Diode', color='blue')

# Plot the input pulse signal for reference
ax.plot(analysis.time, analysis['input'], label='Input Pulse', color='green', linestyle='--')

ax.set_xlabel('Time [s]')
ax.set_ylabel('Voltage [V]')
ax.legend()
plt.title("Diode Recovery Time")
plt.grid()
plt.show()

------------------


[1;31m---------------------------------------------------------------------------[0m
[1;31mOSError[0m                                   Traceback (most recent call last)
Cell [1;32mIn[4], line 22[0m
[0;32m     19[0m circuit[38;5;241m.[39mmodel([38;5;124m'[39m[38;5;124mD[39m[38;5;124m'[39m, [38;5;124m'[39m[38;5;124mD[39m[38;5;124m'[39m, IS[38;5;241m=[39m[38;5;241m1e-14[39m, N[38;5;241m=[39m[38;5;241m1[39m, TT[38;5;241m=[39m[38;5;241m5e-9[39m)
[0;32m     21[0m [38;5;66;03m# Create a simulator object for transient analysis[39;00m
[1;32m---> 22[0m simulator [38;5;241m=[39m [43mcircuit[49m[38;5;241;43m.[39;49m[43msimulator[49m[43m([49m[43mtemperature[49m[38;5;241;43m=[39;49m[38;5;241;43m25[39;49m[43m,[49m[43m [49m[43mnominal_temperature[49m[38;5;241;43m=[39;49m[38;5;241;43m25[39;49m[43m)[49m
[0;32m     24[0m [38;5;66;03m# Perform a transient simulation without importing Transient directly[39;00m
[0;32m     25[0m analysis [38;5;241m=[39m simulator[38;5;241m.[39mtransient(step_time[38;5;241m=[39m[38;5;241m1[39m [38;5;241m@[39m u_ns, end_time[38;5;241m=[39m[38;5;241m200[39m [38;5;241m@[39m u_ns)

File [1;32mH:\HadiSadoghiYazdi\Circuit\Lib\site-packages\PySpice\Spice\Netlist.py:1292[0m, in [0;36mCircuit.simulator[1;34m(self, *args, **kwargs)[0m
[0;32m   1291[0m [38;5;28;01mdef[39;00m [38;5;21msimulator[39m([38;5;28mself[39m, [38;5;241m*[39margs, [38;5;241m*[39m[38;5;241m*[39mkwargs):
[1;32m-> 1292[0m     [38;5;28;01mreturn[39;00m [43mCircuitSimulator[49m[38;5;241;43m.[39;49m[43mfactory[49m[43m([49m[38;5;28;43mself[39;49m[43m,[49m[43m [49m[38;5;241;43m*[39;49m[43margs[49m[43m,[49m[43m [49m[38;5;241;43m*[39;49m[38;5;241;43m*[39;49m[43mkwargs[49m[43m)[49m

File [1;32mH:\HadiSadoghiYazdi\Circuit\Lib\site-packages\PySpice\Spice\Simulation.py:1167[0m, in [0;36mCircuitSimulator.factory[1;34m(cls, circuit, *args, **kwargs)[0m
[0;32m   1164[0m         kwargs[[38;5;124m'[39m[38;5;124mparallel[39m[38;5;124m'[39m] [38;5;241m=[39m [38;5;28;01mTrue[39;00m
[0;32m   1166[0m [38;5;28;01mif[39;00m sub_cls [38;5;129;01mis[39;00m [38;5;129;01mnot[39;00m [38;5;28;01mNone[39;00m:
[1;32m-> 1167[0m     [38;5;28;01mreturn[39;00m [43msub_cls[49m[43m([49m[43mcircuit[49m[43m,[49m[43m [49m[38;5;241;43m*[39;49m[43margs[49m[43m,[49m[43m [49m[38;5;241;43m*[39;49m[38;5;241;43m*[39;49m[43mkwargs[49m[43m)[49m
[0;32m   1168[0m [38;5;28;01melse[39;00m:
[0;32m   1169[0m     [38;5;28;01mraise[39;00m [38;5;167;01mValueError[39;00m([38;5;124m'[39m[38;5;124mUnknown simulator type[39m[38;5;124m'[39m)

File [1;32mH:\HadiSadoghiYazdi\Circuit\Lib\site-packages\PySpice\Spice\NgSpice\Simulation.py:99[0m, in [0;36mNgSpiceSharedCircuitSimulator.__init__[1;34m(self, circuit, **kwargs)[0m
[0;32m     97[0m ngspice_shared [38;5;241m=[39m kwargs[38;5;241m.[39mget([38;5;124m'[39m[38;5;124mngspice_shared[39m[38;5;124m'[39m, [38;5;28;01mNone[39;00m)
[0;32m     98[0m [38;5;28;01mif[39;00m ngspice_shared [38;5;129;01mis[39;00m [38;5;28;01mNone[39;00m:
[1;32m---> 99[0m     [38;5;28mself[39m[38;5;241m.[39m_ngspice_shared [38;5;241m=[39m [43mNgSpiceShared[49m[38;5;241;43m.[39;49m[43mnew_instance[49m[43m([49m[43m)[49m
[0;32m    100[0m [38;5;28;01melse[39;00m:
[0;32m    101[0m     [38;5;28mself[39m[38;5;241m.[39m_ngspice_shared [38;5;241m=[39m ngspice_shared

File [1;32mH:\HadiSadoghiYazdi\Circuit\Lib\site-packages\PySpice\Spice\NgSpice\Shared.py:449[0m, in [0;36mNgSpiceShared.new_instance[1;34m(cls, ngspice_id, send_data, verbose)[0m
[0;32m    447[0m [38;5;28;01melse[39;00m:
[0;32m    448[0m     [38;5;28mcls[39m[38;5;241m.[39m_logger[38;5;241m.[39mdebug([38;5;124m"[39m[38;5;124mNew instance for id [39m[38;5;132;01m{}[39;00m[38;5;124m"[39m[38;5;241m.[39mformat(ngspice_id))
[1;32m--> 449[0m     instance [38;5;241m=[39m [38;5;28;43mcls[39;49m[43m([49m[43mngspice_id[49m[38;5;241;43m=[39;49m[43mngspice_id[49m[43m,[49m[43m [49m[43msend_data[49m[38;5;241;43m=[39;49m[43msend_data[49m[43m,[49m[43m [49m[43mverbose[49m[38;5;241;43m=[39;49m[43mverbose[49m[43m)[49m
[0;32m    450[0m     [38;5;28mcls[39m[38;5;241m.[39m_instances[ngspice_id] [38;5;241m=[39m instance
[0;32m    451[0m     [38;5;28;01mreturn[39;00m instance

File [1;32mH:\HadiSadoghiYazdi\Circuit\Lib\site-packages\PySpice\Spice\NgSpice\Shared.py:479[0m, in [0;36mNgSpiceShared.__init__[1;34m(self, ngspice_id, send_data, verbose)[0m
[0;32m    476[0m [38;5;28mself[39m[38;5;241m.[39m_extensions [38;5;241m=[39m []
[0;32m    478[0m [38;5;28mself[39m[38;5;241m.[39m_library_path [38;5;241m=[39m [38;5;28;01mNone[39;00m
[1;32m--> 479[0m [38;5;28;43mself[39;49m[38;5;241;43m.[39;49m[43m_load_library[49m[43m([49m[43mverbose[49m[43m)[49m
[0;32m    480[0m [38;5;28mself[39m[38;5;241m.[39m_init_ngspice(send_data)
[0;32m    482[0m [38;5;28mself[39m[38;5;241m.[39m_is_running [38;5;241m=[39m [38;5;28;01mFalse[39;00m

File [1;32mH:\HadiSadoghiYazdi\Circuit\Lib\site-packages\PySpice\Spice\NgSpice\Shared.py:539[0m, in [0;36mNgSpiceShared._load_library[1;34m(self, verbose)[0m
[0;32m    537[0m [38;5;28;01mif[39;00m verbose:
[0;32m    538[0m     [38;5;28mprint[39m(message)
[1;32m--> 539[0m [38;5;28mself[39m[38;5;241m.[39m_ngspice_shared [38;5;241m=[39m [43mffi[49m[38;5;241;43m.[39;49m[43mdlopen[49m[43m([49m[38;5;28;43mself[39;49m[38;5;241;43m.[39;49m[43mlibrary_path[49m[43m)[49m

File [1;32mH:\HadiSadoghiYazdi\Circuit\Lib\site-packages\cffi\api.py:150[0m, in [0;36mFFI.dlopen[1;34m(self, name, flags)[0m
[0;32m    147[0m     [38;5;28;01mraise[39;00m [38;5;167;01mTypeError[39;00m([38;5;124m"[39m[38;5;124mdlopen(name): name must be a file name, None, [39m[38;5;124m"[39m
[0;32m    148[0m                     [38;5;124m"[39m[38;5;124mor an already-opened [39m[38;5;124m'[39m[38;5;124mvoid *[39m[38;5;124m'[39m[38;5;124m handle[39m[38;5;124m"[39m)
[0;32m    149[0m [38;5;28;01mwith[39;00m [38;5;28mself[39m[38;5;241m.[39m_lock:
[1;32m--> 150[0m     lib, function_cache [38;5;241m=[39m [43m_make_ffi_library[49m[43m([49m[38;5;28;43mself[39;49m[43m,[49m[43m [49m[43mname[49m[43m,[49m[43m [49m[43mflags[49m[43m)[49m
[0;32m    151[0m     [38;5;28mself[39m[38;5;241m.[39m_function_caches[38;5;241m.[39mappend(function_cache)
[0;32m    152[0m     [38;5;28mself[39m[38;5;241m.[39m_libraries[38;5;241m.[39mappend(lib)

File [1;32mH:\HadiSadoghiYazdi\Circuit\Lib\site-packages\cffi\api.py:834[0m, in [0;36m_make_ffi_library[1;34m(ffi, libname, flags)[0m
[0;32m    832[0m [38;5;28;01mdef[39;00m [38;5;21m_make_ffi_library[39m(ffi, libname, flags):
[0;32m    833[0m     backend [38;5;241m=[39m ffi[38;5;241m.[39m_backend
[1;32m--> 834[0m     backendlib [38;5;241m=[39m [43m_load_backend_lib[49m[43m([49m[43mbackend[49m[43m,[49m[43m [49m[43mlibname[49m[43m,[49m[43m [49m[43mflags[49m[43m)[49m
[0;32m    835[0m     [38;5;66;03m#[39;00m
[0;32m    836[0m     [38;5;28;01mdef[39;00m [38;5;21maccessor_function[39m(name):

File [1;32mH:\HadiSadoghiYazdi\Circuit\Lib\site-packages\cffi\api.py:829[0m, in [0;36m_load_backend_lib[1;34m(backend, name, flags)[0m
[0;32m    827[0m     [38;5;28;01mif[39;00m first_error [38;5;129;01mis[39;00m [38;5;129;01mnot[39;00m [38;5;28;01mNone[39;00m:
[0;32m    828[0m         msg [38;5;241m=[39m [38;5;124m"[39m[38;5;132;01m%s[39;00m[38;5;124m.  Additionally, [39m[38;5;132;01m%s[39;00m[38;5;124m"[39m [38;5;241m%[39m (first_error, msg)
[1;32m--> 829[0m     [38;5;28;01mraise[39;00m [38;5;167;01mOSError[39;00m(msg)
[0;32m    830[0m [38;5;28;01mreturn[39;00m backend[38;5;241m.[39mload_library(path, flags)

[1;31mOSError[0m: cannot load library 'H:\HadiSadoghiYazdi\Circuit\Lib\site-packages\PySpice\Spice\NgSpice\Spice64_dll\dll-vs\ngspice.dll': error 0x7e.  Additionally, ctypes.util.find_library() did not manage to locate a library called 'H:\\HadiSadoghiYazdi\\Circuit\\Lib\\site-packages\\PySpice\\Spice\\NgSpice\\Spice64_dll\\dll-vs\\ngspice.dll'

